[0.596s] Invoking command in '/home/yunchan/busan_sw/build/my_pkg': PYTHONPATH=/home/yunchan/busan_sw/build/my_pkg/prefix_override:/home/yunchan/busan_sw/install/my_pkg/lib/python3.8/site-packages:${PYTHONPATH} /usr/bin/python3 -W ignore:setup.py install is deprecated setup.py develop --editable --build-directory /home/yunchan/busan_sw/build/my_pkg/build --no-deps symlink_data
[0.770s] running develop
[0.855s] running egg_info
[0.855s] writing my_pkg.egg-info/PKG-INFO
[0.856s] writing dependency_links to my_pkg.egg-info/dependency_links.txt
[0.856s] writing entry points to my_pkg.egg-info/entry_points.txt
[0.856s] writing requirements to my_pkg.egg-info/requires.txt
[0.856s] writing top-level names to my_pkg.egg-info/top_level.txt
[0.857s] reading manifest file 'my_pkg.egg-info/SOURCES.txt'
[0.858s] writing manifest file 'my_pkg.egg-info/SOURCES.txt'
[0.883s] running build_ext
[0.884s] Creating /home/yunchan/busan_sw/install/my_pkg/lib/python3.8/site-packages/my-pkg.egg-link (link to .)
[0.884s] Installing simplepub script to /home/yunchan/busan_sw/install/my_pkg/lib/my_pkg
[0.884s] Installing simplesub script to /home/yunchan/busan_sw/install/my_pkg/lib/my_pkg
[0.884s] Installing simpletimepub script to /home/yunchan/busan_sw/install/my_pkg/lib/my_pkg
[0.884s] Installing simpletimesub script to /home/yunchan/busan_sw/install/my_pkg/lib/my_pkg
[0.884s] 
[0.884s] Installed /home/yunchan/busan_sw/build/my_pkg
[0.884s] running symlink_data
[0.902s] Invoked command in '/home/yunchan/busan_sw/build/my_pkg' returned '0': PYTHONPATH=/home/yunchan/busan_sw/build/my_pkg/prefix_override:/home/yunchan/busan_sw/install/my_pkg/lib/python3.8/site-packages:${PYTHONPATH} /usr/bin/python3 -W ignore:setup.py install is deprecated setup.py develop --editable --build-directory /home/yunchan/busan_sw/build/my_pkg/build --no-deps symlink_data
