running develop
running egg_info
creating turtle_move.egg-info
writing turtle_move.egg-info/PKG-INFO
writing dependency_links to turtle_move.egg-info/dependency_links.txt
writing entry points to turtle_move.egg-info/entry_points.txt
writing requirements to turtle_move.egg-info/requires.txt
writing top-level names to turtle_move.egg-info/top_level.txt
writing manifest file 'turtle_move.egg-info/SOURCES.txt'
reading manifest file 'turtle_move.egg-info/SOURCES.txt'
writing manifest file 'turtle_move.egg-info/SOURCES.txt'
running build_ext
Creating /home/yunchan/busan_sw/install/turtle_move/lib/python3.8/site-packages/turtle-move.egg-link (link to .)
Installing moveTurtleBot script to /home/yunchan/busan_sw/install/turtle_move/lib/turtle_move
Installing moveTurtleSim script to /home/yunchan/busan_sw/install/turtle_move/lib/turtle_move
Installing moveTurtleSim2 script to /home/yunchan/busan_sw/install/turtle_move/lib/turtle_move

Installed /home/yunchan/busan_sw/build/turtle_move
running symlink_data
creating /home/yunchan/busan_sw/install/turtle_move/share/ament_index
creating /home/yunchan/busan_sw/install/turtle_move/share/ament_index/resource_index
creating /home/yunchan/busan_sw/install/turtle_move/share/ament_index/resource_index/packages
symbolically linking /home/yunchan/busan_sw/build/turtle_move/resource/turtle_move -> /home/yunchan/busan_sw/install/turtle_move/share/ament_index/resource_index/packages
symbolically linking /home/yunchan/busan_sw/build/turtle_move/package.xml -> /home/yunchan/busan_sw/install/turtle_move/share/turtle_move
creating /home/yunchan/busan_sw/install/turtle_move/share/turtle_move/launch
symbolically linking /home/yunchan/busan_sw/build/turtle_move/launch/turtleMove.launch.py -> /home/yunchan/busan_sw/install/turtle_move/share/turtle_move/launch
symbolically linking /home/yunchan/busan_sw/build/turtle_move/launch/turtlesim.launch.py -> /home/yunchan/busan_sw/install/turtle_move/share/turtle_move/launch
creating /home/yunchan/busan_sw/install/turtle_move/share/turtle_move/param
