[0.626s] Invoking command in '/home/yunchan/busan_sw/build/turtle_move': PYTHONPATH=/home/yunchan/busan_sw/build/turtle_move/prefix_override:/home/yunchan/busan_sw/install/turtle_move/lib/python3.8/site-packages:${PYTHONPATH} /usr/bin/python3 -W ignore:setup.py install is deprecated setup.py develop --editable --build-directory /home/yunchan/busan_sw/build/turtle_move/build --no-deps symlink_data
[0.809s] running develop
[0.898s] running egg_info
[0.898s] creating turtle_move.egg-info
[0.899s] writing turtle_move.egg-info/PKG-INFO
[0.899s] writing dependency_links to turtle_move.egg-info/dependency_links.txt
[0.899s] writing entry points to turtle_move.egg-info/entry_points.txt
[0.899s] writing requirements to turtle_move.egg-info/requires.txt
[0.899s] writing top-level names to turtle_move.egg-info/top_level.txt
[0.899s] writing manifest file 'turtle_move.egg-info/SOURCES.txt'
[0.901s] reading manifest file 'turtle_move.egg-info/SOURCES.txt'
[0.901s] writing manifest file 'turtle_move.egg-info/SOURCES.txt'
[0.932s] running build_ext
[0.933s] Creating /home/yunchan/busan_sw/install/turtle_move/lib/python3.8/site-packages/turtle-move.egg-link (link to .)
[0.933s] Installing moveTurtleBot script to /home/yunchan/busan_sw/install/turtle_move/lib/turtle_move
[0.933s] Installing moveTurtleSim script to /home/yunchan/busan_sw/install/turtle_move/lib/turtle_move
[0.933s] Installing moveTurtleSim2 script to /home/yunchan/busan_sw/install/turtle_move/lib/turtle_move
[0.934s] 
[0.934s] Installed /home/yunchan/busan_sw/build/turtle_move
[0.934s] running symlink_data
[0.934s] creating /home/yunchan/busan_sw/install/turtle_move/share/ament_index
[0.934s] creating /home/yunchan/busan_sw/install/turtle_move/share/ament_index/resource_index
[0.934s] creating /home/yunchan/busan_sw/install/turtle_move/share/ament_index/resource_index/packages
[0.934s] symbolically linking /home/yunchan/busan_sw/build/turtle_move/resource/turtle_move -> /home/yunchan/busan_sw/install/turtle_move/share/ament_index/resource_index/packages
[0.935s] symbolically linking /home/yunchan/busan_sw/build/turtle_move/package.xml -> /home/yunchan/busan_sw/install/turtle_move/share/turtle_move
[0.935s] creating /home/yunchan/busan_sw/install/turtle_move/share/turtle_move/launch
[0.935s] symbolically linking /home/yunchan/busan_sw/build/turtle_move/launch/turtleMove.launch.py -> /home/yunchan/busan_sw/install/turtle_move/share/turtle_move/launch
[0.935s] symbolically linking /home/yunchan/busan_sw/build/turtle_move/launch/turtlesim.launch.py -> /home/yunchan/busan_sw/install/turtle_move/share/turtle_move/launch
[0.935s] creating /home/yunchan/busan_sw/install/turtle_move/share/turtle_move/param
[0.963s] Invoked command in '/home/yunchan/busan_sw/build/turtle_move' returned '0': PYTHONPATH=/home/yunchan/busan_sw/build/turtle_move/prefix_override:/home/yunchan/busan_sw/install/turtle_move/lib/python3.8/site-packages:${PYTHONPATH} /usr/bin/python3 -W ignore:setup.py install is deprecated setup.py develop --editable --build-directory /home/yunchan/busan_sw/build/turtle_move/build --no-deps symlink_data
